\BOOKMARK [1][-]{section*.2}{\376\377\000N\000o\000m\000e\000n\000c\000l\000a\000t\000u\000r\000e}{}% 1
\BOOKMARK [1][-]{section.1}{\376\377\000M\000i\000n\000i\000m\000i\000z\000a\000t\000i\000o\000n\000\040\000P\000r\000o\000c\000e\000d\000u\000r\000e\000s}{}% 2
\BOOKMARK [2][-]{subsection.1.1}{\376\377\000C\000o\000n\000s\000t\000r\000a\000i\000n\000t\000s\000\040\000f\000o\000r\000\040\000B\000o\000t\000h\000\040\000P\000r\000o\000c\000e\000d\000u\000r\000e\000s}{section.1}% 3
\BOOKMARK [2][-]{subsection.1.2}{\376\377\000T\000h\000e\000\040\000L\000a\000g\000r\000a\000n\000g\000i\000a\000n}{section.1}% 4
\BOOKMARK [2][-]{subsection.1.3}{\376\377\000N\000e\000w\000t\000o\000n\000-\000R\000a\000p\000h\000s\000o\000n\000\040\000I\000t\000e\000r\000a\000t\000i\000v\000e\000\040\000M\000e\000t\000h\000o\000d}{section.1}% 5
\BOOKMARK [2][-]{subsection.1.4}{\376\377\000G\000i\000b\000b\000s\000\040\000M\000i\000n\000i\000m\000i\000z\000a\000t\000i\000o\000n}{section.1}% 6
\BOOKMARK [3][-]{subsubsection.1.4.1}{\376\377\000C\000o\000n\000s\000t\000r\000a\000i\000n\000t\000s}{subsection.1.4}% 7
\BOOKMARK [3][-]{subsubsection.1.4.2}{\376\377\000D\000e\000r\000i\000v\000a\000t\000i\000v\000e\000s}{subsection.1.4}% 8
\BOOKMARK [3][-]{subsubsection.1.4.3}{\376\377\000D\000e\000r\000i\000v\000a\000t\000i\000v\000e\000s\000\040\000o\000f\000\040\000f\0001}{subsection.1.4}% 9
\BOOKMARK [3][-]{subsubsection.1.4.4}{\376\377\000D\000e\000r\000i\000v\000a\000t\000i\000v\000e\000s\000\040\000o\000f\000\040\000f\0002}{subsection.1.4}% 10
\BOOKMARK [3][-]{subsubsection.1.4.5}{\376\377\000D\000e\000r\000i\000v\000a\000t\000i\000v\000e\000s\000\040\000o\000f\000\040\000f\0003}{subsection.1.4}% 11
\BOOKMARK [3][-]{subsubsection.1.4.6}{\376\377\000D\000e\000r\000i\000v\000a\000t\000i\000v\000e\000s\000\040\000o\000f\000\040\000f\0004}{subsection.1.4}% 12
\BOOKMARK [3][-]{subsubsection.1.4.7}{\376\377\000D\000e\000r\000i\000v\000a\000t\000i\000v\000e\000s\000\040\000o\000f\000\040\000f\0005}{subsection.1.4}% 13
\BOOKMARK [3][-]{subsubsection.1.4.8}{\376\377\000D\000e\000r\000i\000v\000a\000t\000i\000v\000e\000s\000\040\000o\000f\000\040\000f\0006}{subsection.1.4}% 14
\BOOKMARK [3][-]{subsubsection.1.4.9}{\376\377\000R\000e\000d\000u\000c\000e\000d\000\040\000G\000i\000b\000b\000s\000\040\000E\000q\000u\000a\000t\000i\000o\000n\000s}{subsection.1.4}% 15
\BOOKMARK [2][-]{subsection.1.5}{\376\377\000H\000e\000l\000m\000h\000o\000l\000t\000z\000\040\000M\000i\000n\000i\000m\000i\000z\000a\000t\000i\000o\000n}{section.1}% 16
\BOOKMARK [3][-]{subsubsection.1.5.1}{\376\377\000C\000o\000n\000s\000t\000r\000a\000i\000n\000t\000s}{subsection.1.5}% 17
\BOOKMARK [3][-]{subsubsection.1.5.2}{\376\377\000D\000e\000r\000i\000v\000a\000t\000i\000v\000e\000s}{subsection.1.5}% 18
\BOOKMARK [3][-]{subsubsection.1.5.3}{\376\377\000D\000e\000r\000i\000v\000a\000t\000i\000v\000e\000s\000\040\000f\000o\000r\000\040\000f\0001}{subsection.1.5}% 19
\BOOKMARK [3][-]{subsubsection.1.5.4}{\376\377\000D\000e\000r\000i\000v\000a\000t\000i\000v\000e\000s\000\040\000f\000o\000r\000\040\000f\0002}{subsection.1.5}% 20
\BOOKMARK [3][-]{subsubsection.1.5.5}{\376\377\000D\000e\000r\000i\000v\000a\000t\000i\000v\000e\000s\000\040\000f\000o\000r\000\040\000f\0003}{subsection.1.5}% 21
\BOOKMARK [3][-]{subsubsection.1.5.6}{\376\377\000D\000e\000r\000i\000v\000a\000t\000i\000v\000e\000s\000\040\000f\000o\000r\000\040\000f\0004}{subsection.1.5}% 22
\BOOKMARK [3][-]{subsubsection.1.5.7}{\376\377\000D\000e\000r\000i\000v\000a\000t\000i\000v\000e\000s\000\040\000f\000o\000r\000\040\000f\0005}{subsection.1.5}% 23
\BOOKMARK [3][-]{subsubsection.1.5.8}{\376\377\000R\000e\000d\000u\000c\000e\000d\000\040\000H\000e\000l\000m\000h\000o\000l\000t\000z\000\040\000E\000q\000u\000a\000t\000i\000o\000n\000s}{subsection.1.5}% 24
\BOOKMARK [1][-]{section.2}{\376\377\000T\000h\000e\000r\000m\000o\000d\000y\000n\000a\000m\000i\000c\000\040\000D\000e\000r\000i\000v\000a\000t\000i\000v\000e\000s}{}% 25
\BOOKMARK [2][-]{subsection.2.1}{\376\377\000B\000a\000s\000e\000\040\000e\000q\000u\000a\000t\000i\000o\000n\000s\000\040\000a\000n\000d\000\040\000d\000e\000r\000i\000v\000a\000t\000i\000v\000e\000s\000:}{section.2}% 26
\BOOKMARK [2][-]{subsection.2.2}{\376\377\000N\000o\000t\000e\000s\000\040\000o\000n\000\040\000d\000e\000r\000i\000v\000a\000t\000i\000v\000e\000s\000\040\000a\000n\000d\000\040\000B\000r\000i\000d\000g\000m\000a\000n\000n\000\040\000t\000a\000b\000l\000e\000s}{section.2}% 27
\BOOKMARK [2][-]{subsection.2.3}{\376\377\000T\000e\000m\000p\000e\000r\000a\000t\000u\000r\000e\000\040\000d\000e\000r\000i\000v\000a\000t\000i\000v\000e\000s\000\040\000a\000n\000d\000\040\000c\000p}{section.2}% 28
\BOOKMARK [2][-]{subsection.2.4}{\376\377\000P\000r\000e\000s\000s\000u\000r\000e\000\040\000d\000e\000r\000i\000v\000a\000t\000i\000v\000e\000s}{section.2}% 29
\BOOKMARK [2][-]{subsection.2.5}{\376\377\000C\000F\000D\000\040\000d\000e\000r\000i\000v\000a\000t\000i\000v\000e\000s}{section.2}% 30
\BOOKMARK [1][-]{section.3}{\376\377\000S\000t\000a\000n\000d\000a\000r\000d\000\040\000S\000t\000a\000t\000e\000\040\000C\000h\000e\000m\000i\000c\000a\000l\000\040\000P\000o\000t\000e\000n\000t\000i\000a\000l\000\040\000D\000e\000r\000i\000v\000a\000t\000i\000v\000e\000s}{}% 31
\BOOKMARK [2][-]{subsection.3.1}{\376\377\000U\000s\000e\000f\000u\000l\000\040\000R\000e\000l\000a\000t\000i\000o\000n\000s\000h\000i\000p\000s}{section.3}% 32
\BOOKMARK [2][-]{subsection.3.2}{\376\377\000G\000i\000b\000b\000s\000\040\000D\000e\000r\000i\000v\000a\000t\000i\000v\000e}{section.3}% 33
\BOOKMARK [2][-]{subsection.3.3}{\376\377\000H\000e\000l\000m\000h\000o\000l\000t\000z\000\040\000D\000e\000r\000i\000v\000a\000t\000i\000v\000e}{section.3}% 34
\BOOKMARK [1][-]{section.4}{\376\377\000Q\000u\000i\000c\000k\000\040\000c\000o\000d\000e\000\040\000o\000v\000e\000r\000v\000i\000e\000w}{}% 35
\BOOKMARK [1][-]{section.5}{\376\377\000C\000o\000d\000e\000\040\000s\000p\000e\000c\000i\000f\000i\000c\000s}{}% 36
\BOOKMARK [2][-]{subsection.5.1}{\376\377\000O\000v\000e\000r\000v\000i\000e\000w}{section.5}% 37
\BOOKMARK [2][-]{subsection.5.2}{\376\377\000F\000u\000n\000c\000t\000i\000o\000n\000\040\000d\000e\000t\000a\000i\000l\000s}{section.5}% 38
\BOOKMARK [3][-]{subsubsection.5.2.1}{\376\377\000C\000o\000n\000s\000t\000r\000u\000c\000t\000o\000r\000\040\000f\000u\000n\000c\000t\000i\000o\000n}{subsection.5.2}% 39
\BOOKMARK [3][-]{subsubsection.5.2.2}{\376\377\000c\000o\000m\000p\000u\000t\000e\000\137\000e\000q\000u\000i\000l\000i\000b\000r\000i\000u\000m\000X\000Y\000\050\000\051}{subsection.5.2}% 40
\BOOKMARK [3][-]{subsubsection.5.2.3}{\376\377\000N\000A\000S\000A\000\137\000f\000i\000t\000s\000\050\000\051}{subsection.5.2}% 41
\BOOKMARK [3][-]{subsubsection.5.2.4}{\376\377\000N\000a\000m\000e\000s\000p\000a\000c\000e\000\040\000f\000u\000n\000c\000t\000i\000o\000n\000s}{subsection.5.2}% 42
\BOOKMARK [3][-]{subsubsection.5.2.5}{\376\377\000c\000o\000m\000p\000u\000t\000e\000\137\000m\000i\000x\000t\000u\000r\000e\000\137\000p\000r\000o\000p\000e\000r\000t\000i\000e\000s\000\050\000\051}{subsection.5.2}% 43
\BOOKMARK [3][-]{subsubsection.5.2.6}{\376\377\000c\000o\000m\000p\000u\000t\000e\000\137\000d\000e\000r\000i\000v\000a\000t\000i\000v\000e\000s\000\050\000\051\000\040\000/\000\040\000c\000o\000m\000p\000u\000t\000e\000\137\000d\000e\000r\000i\000v\000a\000t\000i\000v\000e\000s\000C\000F\000D\000\050\000\051}{subsection.5.2}% 44
\BOOKMARK [3][-]{subsubsection.5.2.7}{\376\377\000c\000h\000e\000c\000k\000\137\000c\000o\000n\000v\000e\000r\000g\000e\000n\000c\000e\000\050\000\051}{subsection.5.2}% 45
\BOOKMARK [3][-]{subsubsection.5.2.8}{\376\377\000c\000o\000m\000p\000u\000t\000e\000\137\000d\000a\000m\000p\000i\000n\000g\000\050\000\051}{subsection.5.2}% 46
